\BOOKMARK [0][-]{section*.1}{\376\377\000D\000e\000c\000l\000a\000r\000a\000t\000i\000o\000n\000\040\000o\000f\000\040\000A\000u\000t\000h\000o\000r\000s\000h\000i\000p}{}% 1
\BOOKMARK [0][-]{section*.2}{\376\377\000A\000b\000s\000t\000r\000a\000c\000t}{}% 2
\BOOKMARK [0][-]{section*.3}{\376\377\000A\000c\000k\000n\000o\000w\000l\000e\000d\000g\000e\000m\000e\000n\000t\000s}{}% 3
\BOOKMARK [0][-]{chapter.9}{\376\377\000I\000n\000t\000r\000o\000d\000u\000c\000t\000i\000o\000n\000\040\000a\000n\000d\000\040\000M\000o\000t\000i\000v\000a\000t\000i\000o\000n\000\040\0001\000-\0002\000p}{}% 4
\BOOKMARK [1][-]{section.10}{\376\377\000I\000n\000t\000r\000o\000d\000u\000c\000t\000i\000o\000n}{chapter.9}% 5
\BOOKMARK [0][-]{chapter.11}{\376\377\000R\000e\000s\000e\000a\000r\000c\000h\000\040\0001\0000\000P}{}% 6
\BOOKMARK [1][-]{section.12}{\376\377\000D\000e\000s\000i\000g\000n\000\040\000t\000h\000i\000n\000k\000i\000n\000g}{chapter.11}% 7
\BOOKMARK [1][-]{section.14}{\376\377\000P\000r\000o\000t\000o\000t\000y\000p\000i\000n\000g\000\040\000\050\0001\000-\0002\000p\000\051}{chapter.11}% 8
\BOOKMARK [2][-]{subsection.15}{\376\377\000P\000r\000o\000o\000f\000\040\000o\000f\000\040\000C\000o\000n\000c\000e\000p\000t}{section.14}% 9
\BOOKMARK [2][-]{subsection.16}{\376\377\000M\000i\000n\000i\000m\000a\000l\000\040\000V\000i\000a\000b\000l\000e\000\040\000P\000r\000o\000d\000u\000c\000t}{section.14}% 10
\BOOKMARK [2][-]{subsection.17}{\376\377\000R\000a\000p\000i\000d\000\040\000P\000r\000o\000t\000o\000t\000y\000p\000i\000n\000g}{section.14}% 11
\BOOKMARK [1][-]{section.18}{\376\377\000A\000r\000c\000h\000i\000t\000e\000c\000t\000u\000r\000e\000\040\000\050\0002\000-\0003\000p\000\051}{chapter.11}% 12
\BOOKMARK [2][-]{subsection.19}{\376\377\000F\000i\000v\000e\000-\000L\000a\000y\000e\000r\000\040\000a\000r\000c\000h\000i\000t\000e\000c\000t\000u\000r\000e}{section.18}% 13
\BOOKMARK [1][-]{section.21}{\376\377\000C\000o\000m\000m\000u\000n\000i\000c\000a\000t\000i\000o\000n\000\040\000P\000r\000o\000t\000o\000c\000o\000l\000s}{chapter.11}% 14
\BOOKMARK [2][-]{subsection.22}{\376\377\000W\000-\000L\000A\000N}{section.21}% 15
\BOOKMARK [2][-]{subsection.23}{\376\377\000W\000P\000a\000n\0006}{section.21}% 16
\BOOKMARK [2][-]{subsection.24}{\376\377\000Z\000i\000g\000B\000e\000e}{section.21}% 17
\BOOKMARK [2][-]{subsection.25}{\376\377\000M\000Q\000T\000T}{section.21}% 18
\BOOKMARK [1][-]{section.26}{\376\377\000F\000r\000o\000n\000t\000-\000E\000n\000d}{chapter.11}% 19
\BOOKMARK [1][-]{section.27}{\376\377\000C\000o\000m\000m\000u\000n\000i\000c\000a\000t\000i\000o\000n}{chapter.11}% 20
\BOOKMARK [1][-]{section.28}{\376\377\000M\000i\000d\000d\000l\000e\000w\000a\000r\000e}{chapter.11}% 21
\BOOKMARK [1][-]{section.29}{\376\377\000D\000e\000v\000i\000c\000e}{chapter.11}% 22
\BOOKMARK [1][-]{section.30}{\376\377\000B\000a\000c\000k\000-\000E\000n\000d}{chapter.11}% 23
\BOOKMARK [0][-]{chapter.31}{\376\377\000P\000r\000o\000j\000e\000c\000t\000\040\000O\000v\000e\000r\000v\000i\000e\000w\0005\000-\0001\0000\000p}{}% 24
\BOOKMARK [1][-]{section.32}{\376\377\000A\000n\000a\000l\000y\000s\000i\000s}{chapter.31}% 25
\BOOKMARK [2][-]{subsection.33}{\376\377\000L\000a\000y\000e\000r\000\040\000A\000n\000a\000l\000y\000s\000i\000s}{section.32}% 26
\BOOKMARK [2][-]{subsection.37}{\376\377\000W\000o\000r\000k\000l\000o\000a\000d\000\040\000a\000n\000a\000l\000y\000s\000i\000s}{section.32}% 27
\BOOKMARK [3][-]{section*.38}{\376\377\000C\000o\000g\000n\000i\000t\000i\000v\000e\000\040\000W\000o\000r\000k}{subsection.37}% 28
\BOOKMARK [3][-]{section*.47}{\376\377\000V\000i\000s\000u\000a\000l\000\040\000W\000o\000r\000k}{subsection.37}% 29
\BOOKMARK [3][-]{section*.48}{\376\377\000M\000e\000m\000o\000r\000y\000\040\000W\000o\000r\000k}{subsection.37}% 30
\BOOKMARK [3][-]{section*.54}{\376\377\000P\000h\000y\000s\000i\000c\000a\000l\000\040\000W\000o\000r\000k}{subsection.37}% 31
\BOOKMARK [1][-]{section.55}{\376\377\000C\000o\000n\000s\000e\000q\000u\000e\000n\000c\000e\000s}{chapter.31}% 32
\BOOKMARK [0][-]{chapter.60}{\376\377\000I\000m\000p\000l\000e\000m\000e\000n\000t\000a\000t\000i\000o\000n\000\040\0001\0000}{}% 33
\BOOKMARK [1][-]{section.61}{\376\377\000A\000r\000c\000h\000i\000t\000e\000c\000t\000u\000r\000e}{chapter.60}% 34
\BOOKMARK [1][-]{section.62}{\376\377\000P\000r\000o\000t\000o\000t\000y\000p\000i\000n\000g}{chapter.60}% 35
\BOOKMARK [1][-]{section.64}{\376\377\000D\000e\000v\000i\000c\000e}{chapter.60}% 36
\BOOKMARK [2][-]{subsection.65}{\376\377\000T\000e\000m\000p\000l\000a\000t\000e}{section.64}% 37
\BOOKMARK [2][-]{subsection.72}{\376\377\000P\000r\000o\000t\000o\000t\000y\000p\000e}{section.64}% 38
\BOOKMARK [1][-]{section.73}{\376\377\000B\000a\000c\000k\000-\000E\000n\000d}{chapter.60}% 39
\BOOKMARK [1][-]{section.74}{\376\377\000M\000i\000d\000d\000l\000e\000w\000a\000r\000e}{chapter.60}% 40
\BOOKMARK [2][-]{subsection.75}{\376\377\000W\000e\000b\000\040\000S\000e\000r\000v\000e\000r}{section.74}% 41
\BOOKMARK [2][-]{subsection.76}{\376\377\000T\000C\000P\000/\000S\000e\000r\000i\000a\000l\000/\000S\000o\000c\000k\000e\000t\000.\000I\000O\000-\000C\000l\000i\000e\000n\000t}{section.74}% 42
\BOOKMARK [1][-]{section.78}{\376\377\000F\000r\000o\000n\000t\000-\000E\000n\000d}{chapter.60}% 43
\BOOKMARK [0][-]{chapter.80}{\376\377\000E\000v\000a\000l\000u\000a\000t\000i\000o\000n\000\040\000a\000n\000d\000\040\000C\000o\000n\000c\000l\000u\000s\000i\000o\000n\000\040\0001\0000\000-\0001\0005\000P}{}% 44
\BOOKMARK [1][-]{section.81}{\376\377\000E\000v\000a\000l\000u\000a\000t\000i\000o\000n}{chapter.80}% 45
\BOOKMARK [2][-]{subsection.82}{\376\377\000L\000a\000y\000e\000r\000\040\000A\000n\000a\000l\000y\000s\000i\000s}{section.81}% 46
\BOOKMARK [2][-]{subsection.83}{\376\377\000W\000o\000r\000k\000l\000o\000a\000d\000\040\000A\000n\000a\000l\000y\000s\000i\000s}{section.81}% 47
\BOOKMARK [3][-]{section*.84}{\376\377\000C\000o\000g\000n\000i\000t\000i\000v\000e\000\040\000W\000o\000r\000k}{subsection.83}% 48
\BOOKMARK [3][-]{section*.94}{\376\377\000V\000i\000s\000u\000a\000l\000\040\000W\000o\000r\000k}{subsection.83}% 49
\BOOKMARK [3][-]{section*.95}{\376\377\000M\000e\000m\000o\000r\000y\000\040\000W\000o\000r\000k}{subsection.83}% 50
\BOOKMARK [3][-]{section*.96}{\376\377\000P\000h\000y\000s\000i\000c\000a\000l\000\040\000W\000o\000r\000k}{subsection.83}% 51
\BOOKMARK [2][-]{subsection.97}{\376\377\000L\000i\000m\000i\000t\000a\000t\000i\000o\000n\000s}{section.81}% 52
\BOOKMARK [2][-]{subsection.98}{\376\377\000B\000i\000g\000\040\000P\000i\000c\000t\000u\000r\000e}{section.81}% 53
\BOOKMARK [1][-]{section.101}{\376\377\000C\000o\000n\000c\000l\000u\000s\000i\000o\000n}{chapter.80}% 54
\BOOKMARK [0][-]{appendix.102}{\376\377\000F\000r\000e\000q\000u\000e\000n\000t\000l\000y\000\040\000A\000s\000k\000e\000d\000\040\000Q\000u\000e\000s\000t\000i\000o\000n\000s}{}% 55
\BOOKMARK [1][-]{section.103}{\376\377\000H\000o\000w\000\040\000d\000o\000\040\000I\000\040\000c\000h\000a\000n\000g\000e\000\040\000t\000h\000e\000\040\000c\000o\000l\000o\000r\000s\000\040\000o\000f\000\040\000l\000i\000n\000k\000s\000?}{appendix.102}% 56
\BOOKMARK [0][-]{appendix*.104}{\376\377\000B\000i\000b\000l\000i\000o\000g\000r\000a\000p\000h\000y}{}% 57
